<?xml version="1.0" encoding="UTF-8"?>
<!-- Generated by org.testng.reporters.JUnitReportReporter -->
<testsuite hostname="Mruanals-MBP.lan" failures="0" tests="3" name="inventory.test.Ordertest" time="1.798" errors="0" timestamp="2025-01-24T22:42:06 IST" skipped="2">
  <testcase classname="inventory.test.Ordertest" name="verifytotalOrderValueOfCart" time="1.798"/>
  <testcase classname="inventory.test.Ordertest" name="verifyCreatedOrderWithoutCheckingCheckbox">
    <skipped/>
  </testcase> <!-- verifyCreatedOrderWithoutCheckingCheckbox -->
  <testcase classname="inventory.test.Ordertest" name="verifyCreatedOrder">
    <skipped/>
  </testcase> <!-- verifyCreatedOrder -->
</testsuite> <!-- inventory.test.Ordertest -->
