<?xml version="1.0" encoding="UTF-8"?>
<!-- Generated by org.testng.reporters.JUnitReportReporter -->
<testsuite hostname="Mruanals-MacBook-Pro.local" failures="0" tests="2" name="inventory.test.GridTest" time="3.420" errors="0" timestamp="2025-01-29T12:58:19 IST" skipped="0">
  <testcase classname="inventory.test.GridTest" name="verifyGridItemAtPosition7" time="1.636"/>
  <testcase classname="inventory.test.GridTest" name="verifyAllGridItemsDetails" time="1.784"/>
</testsuite> <!-- inventory.test.GridTest -->
