<?xml version="1.0" encoding="UTF-8"?>
<!-- Generated by org.testng.reporters.JUnitReportReporter -->
<testsuite hostname="Mruanals-MacBook-Pro.local" failures="0" tests="3" name="inventory.test.FormTest" time="5.597" errors="0" timestamp="2025-01-29T12:58:19 IST" skipped="0">
  <testcase classname="inventory.test.FormTest" name="verifyCreatedOrder" time="1.952"/>
  <testcase classname="inventory.test.FormTest" name="verifyCreatedOrderWithoutCheckingCheckbox" time="1.886"/>
  <testcase classname="inventory.test.FormTest" name="verifytotalOrderValueOfCart" time="1.759"/>
</testsuite> <!-- inventory.test.FormTest -->
