<?xml version="1.0" encoding="UTF-8"?>
<!-- Generated by org.testng.reporters.JUnitReportReporter -->
<testsuite hostname="Mruanals-MacBook-Pro.local" failures="0" tests="5" name="inventory.test.LoginTest" time="13.052" errors="0" timestamp="2025-01-29T12:58:19 IST" skipped="0">
  <testcase classname="inventory.test.LoginTest" name="loginWithCorrectCredetials" time="1.584"/>
  <testcase classname="inventory.test.LoginTest" name="loginWithInvalidUsername" time="1.524"/>
  <testcase classname="inventory.test.LoginTest" name="loginWithInvalidPassword" time="6.535"/>
  <testcase classname="inventory.test.LoginTest" name="loginWithInvalidUsernameAndPassword" time="1.444"/>
  <testcase classname="inventory.test.LoginTest" name="loginWithoutUsernameAndPassword" time="1.965"/>
</testsuite> <!-- inventory.test.LoginTest -->
